c:\users\jonathan\desktop\coding projects\eu4-music-mod-generator\eu4-music-mod-generator\debug\vc142.pdb
c:\users\jonathan\desktop\coding projects\eu4-music-mod-generator\eu4-music-mod-generator\debug\.netframework,version=v4.6.1.assemblyattributes.obj
c:\users\jonathan\desktop\coding projects\eu4-music-mod-generator\eu4-music-mod-generator\debug\.netframework,version=v4.6.1.assemblyattributes.asm
c:\users\jonathan\desktop\coding projects\eu4-music-mod-generator\eu4-music-mod-generator\debug\form1.obj
c:\users\jonathan\desktop\coding projects\eu4-music-mod-generator\eu4-music-mod-generator\debug\eu4musicmodgenerator.form1.resources
c:\users\jonathan\desktop\coding projects\eu4-music-mod-generator\debug\eu4-music-mod-generator.exe
c:\users\jonathan\desktop\coding projects\eu4-music-mod-generator\debug\eu4-music-mod-generator.pdb
c:\users\jonathan\desktop\coding projects\eu4-music-mod-generator\eu4-music-mod-generator\debug\eu4-music-mod-generator.vcxproj.generateresource.cache
c:\users\jonathan\desktop\coding projects\eu4-music-mod-generator\eu4-music-mod-generator\debug\eu4-music-mod-generator.vcxprojassemblyreference.cache
c:\users\jonathan\desktop\coding projects\eu4-music-mod-generator\eu4-music-mod-generator\debug\eu4-musi.9d1f8d08.tlog\cl.command.1.tlog
c:\users\jonathan\desktop\coding projects\eu4-music-mod-generator\eu4-music-mod-generator\debug\eu4-musi.9d1f8d08.tlog\cl.read.1.tlog
c:\users\jonathan\desktop\coding projects\eu4-music-mod-generator\eu4-music-mod-generator\debug\eu4-musi.9d1f8d08.tlog\cl.write.1.tlog
c:\users\jonathan\desktop\coding projects\eu4-music-mod-generator\eu4-music-mod-generator\debug\eu4-musi.9d1f8d08.tlog\eu4-music-mod-generator.write.1u.tlog
c:\users\jonathan\desktop\coding projects\eu4-music-mod-generator\eu4-music-mod-generator\debug\eu4-musi.9d1f8d08.tlog\link.1252.delete.1.tlog
c:\users\jonathan\desktop\coding projects\eu4-music-mod-generator\eu4-music-mod-generator\debug\eu4-musi.9d1f8d08.tlog\link.12636.delete.1.tlog
c:\users\jonathan\desktop\coding projects\eu4-music-mod-generator\eu4-music-mod-generator\debug\eu4-musi.9d1f8d08.tlog\link.13512.delete.1.tlog
c:\users\jonathan\desktop\coding projects\eu4-music-mod-generator\eu4-music-mod-generator\debug\eu4-musi.9d1f8d08.tlog\link.2496.delete.1.tlog
c:\users\jonathan\desktop\coding projects\eu4-music-mod-generator\eu4-music-mod-generator\debug\eu4-musi.9d1f8d08.tlog\link.3292.delete.1.tlog
c:\users\jonathan\desktop\coding projects\eu4-music-mod-generator\eu4-music-mod-generator\debug\eu4-musi.9d1f8d08.tlog\link.4620.delete.1.tlog
c:\users\jonathan\desktop\coding projects\eu4-music-mod-generator\eu4-music-mod-generator\debug\eu4-musi.9d1f8d08.tlog\link.4756.delete.1.tlog
c:\users\jonathan\desktop\coding projects\eu4-music-mod-generator\eu4-music-mod-generator\debug\eu4-musi.9d1f8d08.tlog\link.4784.delete.1.tlog
c:\users\jonathan\desktop\coding projects\eu4-music-mod-generator\eu4-music-mod-generator\debug\eu4-musi.9d1f8d08.tlog\link.5924.delete.1.tlog
c:\users\jonathan\desktop\coding projects\eu4-music-mod-generator\eu4-music-mod-generator\debug\eu4-musi.9d1f8d08.tlog\link.6128.delete.1.tlog
c:\users\jonathan\desktop\coding projects\eu4-music-mod-generator\eu4-music-mod-generator\debug\eu4-musi.9d1f8d08.tlog\link.6848.delete.1.tlog
c:\users\jonathan\desktop\coding projects\eu4-music-mod-generator\eu4-music-mod-generator\debug\eu4-musi.9d1f8d08.tlog\link.7416.delete.1.tlog
c:\users\jonathan\desktop\coding projects\eu4-music-mod-generator\eu4-music-mod-generator\debug\eu4-musi.9d1f8d08.tlog\link.7488.delete.1.tlog
c:\users\jonathan\desktop\coding projects\eu4-music-mod-generator\eu4-music-mod-generator\debug\eu4-musi.9d1f8d08.tlog\link.8420.delete.1.tlog
c:\users\jonathan\desktop\coding projects\eu4-music-mod-generator\eu4-music-mod-generator\debug\eu4-musi.9d1f8d08.tlog\link.8512.delete.1.tlog
c:\users\jonathan\desktop\coding projects\eu4-music-mod-generator\eu4-music-mod-generator\debug\eu4-musi.9d1f8d08.tlog\link.command.1.tlog
c:\users\jonathan\desktop\coding projects\eu4-music-mod-generator\eu4-music-mod-generator\debug\eu4-musi.9d1f8d08.tlog\link.read.1.tlog
c:\users\jonathan\desktop\coding projects\eu4-music-mod-generator\eu4-music-mod-generator\debug\eu4-musi.9d1f8d08.tlog\link.write.1.tlog
c:\users\jonathan\desktop\coding projects\eu4-music-mod-generator\eu4-music-mod-generator\debug\eu4-musi.9d1f8d08.tlog\metagen.read.1.tlog
c:\users\jonathan\desktop\coding projects\eu4-music-mod-generator\eu4-music-mod-generator\debug\eu4-musi.9d1f8d08.tlog\metagen.write.1.tlog
